<?xml version="1.0" encoding="UTF-8"?>
<testsuite xmlns:xsi="http://www.w3.org/2001/XMLSchema-instance" xsi:noNamespaceSchemaLocation="https://maven.apache.org/surefire/maven-surefire-plugin/xsd/surefire-test-report-3.0.xsd" version="3.0" name="br.gov.mt.seplag.repository.AlbumRepositoryTest" time="3.716" tests="12" errors="0" skipped="0" failures="0">
  <properties>
[...]
</properties>
  <testcase name="shouldSaveAndRetrieveAlbum" classname="br.gov.mt.seplag.repository.AlbumRepositoryTest" time="0.475">
    <system-out><![CDATA[16:51:39.856 [main] INFO org.springframework.test.context.support.AnnotationConfigContextLoaderUtils -- Could not detect default configuration classes for test class [br.gov.mt.seplag.repository.AlbumRepositoryTest]: AlbumRepositoryTest does not declare any static, non-private, non-final, nested classes annotated with @Configuration.
16:51:39.949 [main] INFO org.springframework.boot.test.context.SpringBootTestContextBootstrapper -- Found @SpringBootConfiguration br.gov.mt.seplag.ProjetoSeplagApplication for test class br.gov.mt.seplag.repository.AlbumRepositoryTest

  .   ____          _            __ _ _
 /\\ / ___'_ __ _ _(_)_ __  __ _ \ \ \ \
( ( )\___ | '_ | '_| | '_ \/ _` | \ \ \ \
 \\/  ___)| |_)| | | | | || (_| |  ) ) ) )
  '  |____| .__|_| |_|_| |_\__, | / / / /
 =========|_|==============|___/=/_/_/_/
 :: Spring Boot ::                (v3.2.5)

2026-01-19 16:51:40 - Starting AlbumRepositoryTest using Java 21.0.9 with PID 61030 (started by diegobatista in /Users/diegobatista/Desktop/Projeto Seplag/diegofernandobatistasilva051152)
2026-01-19 16:51:40 - Running with Spring Boot v3.2.5, Spring v6.1.6
2026-01-19 16:51:40 - The following 1 profile is active: "test"
2026-01-19 16:51:41 - HHH90000025: H2Dialect does not need to be specified explicitly using 'hibernate.dialect' (remove the property setting and it will be selected by default)
Hibernate: 
    drop table if exists album_covers cascade 
Hibernate: 
    drop table if exists albums cascade 
Hibernate: 
    drop table if exists artist_albums cascade 
Hibernate: 
    drop table if exists artists cascade 
Hibernate: 
    drop table if exists refresh_tokens cascade 
Hibernate: 
    drop table if exists regionais cascade 
Hibernate: 
    drop table if exists users cascade 
Hibernate: 
    create table album_covers (
        album_id bigint not null,
        created_at timestamp(6),
        file_size bigint,
        id bigint generated by default as identity,
        content_type varchar(100),
        minio_key varchar(500) not null,
        file_name varchar(255) not null,
        primary key (id)
    )
Hibernate: 
    create table albums (
        release_year integer,
        created_at timestamp(6),
        id bigint generated by default as identity,
        updated_at timestamp(6),
        title varchar(200) not null,
        primary key (id)
    )
Hibernate: 
    create table artist_albums (
        album_id bigint not null,
        artist_id bigint not null,
        primary key (album_id, artist_id)
    )
Hibernate: 
    create table artists (
        is_band boolean not null,
        created_at timestamp(6),
        id bigint generated by default as identity,
        updated_at timestamp(6),
        name varchar(200) not null,
        primary key (id)
    )
Hibernate: 
    create table refresh_tokens (
        created_at timestamp(6) not null,
        expires_at timestamp(6) not null,
        id bigint generated by default as identity,
        revoked_at timestamp(6),
        user_id bigint not null,
        token_hash varchar(128) not null unique,
        primary key (id)
    )
Hibernate: 
    create table regionais (
        ativo boolean not null,
        id integer not null,
        created_at timestamp(6),
        updated_at timestamp(6),
        nome varchar(200) not null,
        primary key (id)
    )
Hibernate: 
    create table users (
        created_at timestamp(6),
        id bigint generated by default as identity,
        username varchar(50) not null unique,
        password varchar(255) not null,
        primary key (id)
    )
Hibernate: 
    alter table if exists album_covers 
       add constraint FKbepbjkbx5w0rmn6jauw8894ig 
       foreign key (album_id) 
       references albums
Hibernate: 
    alter table if exists artist_albums 
       add constraint FKmi23468hf6nr8fs9qwunea3vs 
       foreign key (artist_id) 
       references artists
Hibernate: 
    alter table if exists artist_albums 
       add constraint FKh7qto8m5hculnkbdlcmxfvcsw 
       foreign key (album_id) 
       references albums
Hibernate: 
    alter table if exists refresh_tokens 
       add constraint FK1lih5y2npsf8u5o3vhdb9y0os 
       foreign key (user_id) 
       references users
2026-01-19 16:51:42 - Started AlbumRepositoryTest in 2.817 seconds (process running for 3.566)
Hibernate: 
    select
        a1_0.id,
        a1_0.created_at,
        a1_0.release_year,
        a1_0.title,
        a1_0.updated_at 
    from
        albums a1_0
Hibernate: 
    select
        a1_0.id,
        a1_0.created_at,
        a1_0.is_band,
        a1_0.name,
        a1_0.updated_at 
    from
        artists a1_0
Hibernate: 
    insert 
    into
        artists
        (created_at, is_band, name, updated_at, id) 
    values
        (?, ?, ?, ?, default)
Hibernate: 
    insert 
    into
        artists
        (created_at, is_band, name, updated_at, id) 
    values
        (?, ?, ?, ?, default)
Hibernate: 
    insert 
    into
        albums
        (created_at, release_year, title, updated_at, id) 
    values
        (?, ?, ?, ?, default)
Hibernate: 
    insert 
    into
        albums
        (created_at, release_year, title, updated_at, id) 
    values
        (?, ?, ?, ?, default)
Hibernate: 
    insert 
    into
        albums
        (created_at, release_year, title, updated_at, id) 
    values
        (?, ?, ?, ?, default)
]]></system-out>
    <system-err><![CDATA[WARNING: A Java agent has been loaded dynamically (/Users/diegobatista/.m2/repository/net/bytebuddy/byte-buddy-agent/1.14.13/byte-buddy-agent-1.14.13.jar)
WARNING: If a serviceability tool is in use, please run with -XX:+EnableDynamicAgentLoading to hide this warning
WARNING: If a serviceability tool is not in use, please run with -Djdk.instrument.traceUsage for more information
WARNING: Dynamic loading of agents will be disallowed by default in a future release
]]></system-err>
  </testcase>
  <testcase name="shouldFindAlbumsBySoloArtists" classname="br.gov.mt.seplag.repository.AlbumRepositoryTest" time="0.034">
    <system-out><![CDATA[Hibernate: 
    select
        a1_0.id,
        a1_0.created_at,
        a1_0.release_year,
        a1_0.title,
        a1_0.updated_at 
    from
        albums a1_0
Hibernate: 
    select
        a1_0.id,
        a1_0.created_at,
        a1_0.is_band,
        a1_0.name,
        a1_0.updated_at 
    from
        artists a1_0
Hibernate: 
    insert 
    into
        artists
        (created_at, is_band, name, updated_at, id) 
    values
        (?, ?, ?, ?, default)
Hibernate: 
    insert 
    into
        artists
        (created_at, is_band, name, updated_at, id) 
    values
        (?, ?, ?, ?, default)
Hibernate: 
    insert 
    into
        albums
        (created_at, release_year, title, updated_at, id) 
    values
        (?, ?, ?, ?, default)
Hibernate: 
    insert 
    into
        albums
        (created_at, release_year, title, updated_at, id) 
    values
        (?, ?, ?, ?, default)
Hibernate: 
    insert 
    into
        artist_albums
        (album_id, artist_id) 
    values
        (?, ?)
Hibernate: 
    insert 
    into
        artist_albums
        (album_id, artist_id) 
    values
        (?, ?)
Hibernate: 
    select
        distinct a1_0.id,
        a1_0.created_at,
        a1_0.release_year,
        a1_0.title,
        a1_0.updated_at 
    from
        albums a1_0 
    join
        artist_albums a2_0 
            on a1_0.id=a2_0.album_id 
    join
        artists a2_1 
            on a2_1.id=a2_0.artist_id 
    where
        a2_1.is_band=false 
    offset
        ? rows 
    fetch
        first ? rows only
]]></system-out>
  </testcase>
  <testcase name="shouldDeleteAlbum" classname="br.gov.mt.seplag.repository.AlbumRepositoryTest" time="0.009">
    <system-out><![CDATA[Hibernate: 
    select
        a1_0.id,
        a1_0.created_at,
        a1_0.release_year,
        a1_0.title,
        a1_0.updated_at 
    from
        albums a1_0
Hibernate: 
    select
        a1_0.id,
        a1_0.created_at,
        a1_0.is_band,
        a1_0.name,
        a1_0.updated_at 
    from
        artists a1_0
Hibernate: 
    insert 
    into
        artists
        (created_at, is_band, name, updated_at, id) 
    values
        (?, ?, ?, ?, default)
Hibernate: 
    insert 
    into
        artists
        (created_at, is_band, name, updated_at, id) 
    values
        (?, ?, ?, ?, default)
Hibernate: 
    insert 
    into
        albums
        (created_at, release_year, title, updated_at, id) 
    values
        (?, ?, ?, ?, default)
Hibernate: 
    insert 
    into
        albums
        (created_at, release_year, title, updated_at, id) 
    values
        (?, ?, ?, ?, default)
]]></system-out>
  </testcase>
  <testcase name="shouldUpdateAlbum" classname="br.gov.mt.seplag.repository.AlbumRepositoryTest" time="0.009">
    <system-out><![CDATA[Hibernate: 
    select
        a1_0.id,
        a1_0.created_at,
        a1_0.release_year,
        a1_0.title,
        a1_0.updated_at 
    from
        albums a1_0
Hibernate: 
    select
        a1_0.id,
        a1_0.created_at,
        a1_0.is_band,
        a1_0.name,
        a1_0.updated_at 
    from
        artists a1_0
Hibernate: 
    insert 
    into
        artists
        (created_at, is_band, name, updated_at, id) 
    values
        (?, ?, ?, ?, default)
Hibernate: 
    insert 
    into
        artists
        (created_at, is_band, name, updated_at, id) 
    values
        (?, ?, ?, ?, default)
Hibernate: 
    insert 
    into
        albums
        (created_at, release_year, title, updated_at, id) 
    values
        (?, ?, ?, ?, default)
Hibernate: 
    insert 
    into
        albums
        (created_at, release_year, title, updated_at, id) 
    values
        (?, ?, ?, ?, default)
]]></system-out>
  </testcase>
  <testcase name="shouldFindAlbumsByBands" classname="br.gov.mt.seplag.repository.AlbumRepositoryTest" time="0.009">
    <system-out><![CDATA[Hibernate: 
    select
        a1_0.id,
        a1_0.created_at,
        a1_0.release_year,
        a1_0.title,
        a1_0.updated_at 
    from
        albums a1_0
Hibernate: 
    select
        a1_0.id,
        a1_0.created_at,
        a1_0.is_band,
        a1_0.name,
        a1_0.updated_at 
    from
        artists a1_0
Hibernate: 
    insert 
    into
        artists
        (created_at, is_band, name, updated_at, id) 
    values
        (?, ?, ?, ?, default)
Hibernate: 
    insert 
    into
        artists
        (created_at, is_band, name, updated_at, id) 
    values
        (?, ?, ?, ?, default)
Hibernate: 
    insert 
    into
        albums
        (created_at, release_year, title, updated_at, id) 
    values
        (?, ?, ?, ?, default)
Hibernate: 
    insert 
    into
        albums
        (created_at, release_year, title, updated_at, id) 
    values
        (?, ?, ?, ?, default)
Hibernate: 
    insert 
    into
        artist_albums
        (album_id, artist_id) 
    values
        (?, ?)
Hibernate: 
    insert 
    into
        artist_albums
        (album_id, artist_id) 
    values
        (?, ?)
Hibernate: 
    select
        distinct a1_0.id,
        a1_0.created_at,
        a1_0.release_year,
        a1_0.title,
        a1_0.updated_at 
    from
        albums a1_0 
    join
        artist_albums a2_0 
            on a1_0.id=a2_0.album_id 
    join
        artists a2_1 
            on a2_1.id=a2_0.artist_id 
    where
        a2_1.is_band=true 
    offset
        ? rows 
    fetch
        first ? rows only
]]></system-out>
  </testcase>
  <testcase name="shouldFindAlbumsByTitle" classname="br.gov.mt.seplag.repository.AlbumRepositoryTest" time="0.016">
    <system-out><![CDATA[Hibernate: 
    select
        a1_0.id,
        a1_0.created_at,
        a1_0.release_year,
        a1_0.title,
        a1_0.updated_at 
    from
        albums a1_0
Hibernate: 
    select
        a1_0.id,
        a1_0.created_at,
        a1_0.is_band,
        a1_0.name,
        a1_0.updated_at 
    from
        artists a1_0
Hibernate: 
    insert 
    into
        artists
        (created_at, is_band, name, updated_at, id) 
    values
        (?, ?, ?, ?, default)
Hibernate: 
    insert 
    into
        artists
        (created_at, is_band, name, updated_at, id) 
    values
        (?, ?, ?, ?, default)
Hibernate: 
    insert 
    into
        albums
        (created_at, release_year, title, updated_at, id) 
    values
        (?, ?, ?, ?, default)
Hibernate: 
    insert 
    into
        albums
        (created_at, release_year, title, updated_at, id) 
    values
        (?, ?, ?, ?, default)
Hibernate: 
    select
        a1_0.id,
        a1_0.created_at,
        a1_0.release_year,
        a1_0.title,
        a1_0.updated_at 
    from
        albums a1_0 
    where
        upper(a1_0.title) like upper(?) escape '\'
]]></system-out>
  </testcase>
  <testcase name="shouldCheckIfAlbumExists" classname="br.gov.mt.seplag.repository.AlbumRepositoryTest" time="0.016">
    <system-out><![CDATA[Hibernate: 
    select
        a1_0.id,
        a1_0.created_at,
        a1_0.release_year,
        a1_0.title,
        a1_0.updated_at 
    from
        albums a1_0
Hibernate: 
    select
        a1_0.id,
        a1_0.created_at,
        a1_0.is_band,
        a1_0.name,
        a1_0.updated_at 
    from
        artists a1_0
Hibernate: 
    insert 
    into
        artists
        (created_at, is_band, name, updated_at, id) 
    values
        (?, ?, ?, ?, default)
Hibernate: 
    insert 
    into
        artists
        (created_at, is_band, name, updated_at, id) 
    values
        (?, ?, ?, ?, default)
Hibernate: 
    insert 
    into
        albums
        (created_at, release_year, title, updated_at, id) 
    values
        (?, ?, ?, ?, default)
Hibernate: 
    insert 
    into
        albums
        (created_at, release_year, title, updated_at, id) 
    values
        (?, ?, ?, ?, default)
Hibernate: 
    select
        count(*) 
    from
        albums a1_0 
    where
        a1_0.id=?
Hibernate: 
    select
        count(*) 
    from
        albums a1_0 
    where
        a1_0.id=?
]]></system-out>
  </testcase>
  <testcase name="shouldFindAlbumsByReleaseYear" classname="br.gov.mt.seplag.repository.AlbumRepositoryTest" time="0.007">
    <system-out><![CDATA[Hibernate: 
    select
        a1_0.id,
        a1_0.created_at,
        a1_0.release_year,
        a1_0.title,
        a1_0.updated_at 
    from
        albums a1_0
Hibernate: 
    select
        a1_0.id,
        a1_0.created_at,
        a1_0.is_band,
        a1_0.name,
        a1_0.updated_at 
    from
        artists a1_0
Hibernate: 
    insert 
    into
        artists
        (created_at, is_band, name, updated_at, id) 
    values
        (?, ?, ?, ?, default)
Hibernate: 
    insert 
    into
        artists
        (created_at, is_band, name, updated_at, id) 
    values
        (?, ?, ?, ?, default)
Hibernate: 
    insert 
    into
        albums
        (created_at, release_year, title, updated_at, id) 
    values
        (?, ?, ?, ?, default)
Hibernate: 
    insert 
    into
        albums
        (created_at, release_year, title, updated_at, id) 
    values
        (?, ?, ?, ?, default)
Hibernate: 
    select
        a1_0.id,
        a1_0.created_at,
        a1_0.release_year,
        a1_0.title,
        a1_0.updated_at 
    from
        albums a1_0 
    where
        a1_0.release_year=?
]]></system-out>
  </testcase>
  <testcase name="shouldReturnEmptyListForNonExistentTitle" classname="br.gov.mt.seplag.repository.AlbumRepositoryTest" time="0.008">
    <system-out><![CDATA[Hibernate: 
    select
        a1_0.id,
        a1_0.created_at,
        a1_0.release_year,
        a1_0.title,
        a1_0.updated_at 
    from
        albums a1_0
Hibernate: 
    select
        a1_0.id,
        a1_0.created_at,
        a1_0.is_band,
        a1_0.name,
        a1_0.updated_at 
    from
        artists a1_0
Hibernate: 
    insert 
    into
        artists
        (created_at, is_band, name, updated_at, id) 
    values
        (?, ?, ?, ?, default)
Hibernate: 
    insert 
    into
        artists
        (created_at, is_band, name, updated_at, id) 
    values
        (?, ?, ?, ?, default)
Hibernate: 
    insert 
    into
        albums
        (created_at, release_year, title, updated_at, id) 
    values
        (?, ?, ?, ?, default)
Hibernate: 
    insert 
    into
        albums
        (created_at, release_year, title, updated_at, id) 
    values
        (?, ?, ?, ?, default)
Hibernate: 
    select
        a1_0.id,
        a1_0.created_at,
        a1_0.release_year,
        a1_0.title,
        a1_0.updated_at 
    from
        albums a1_0 
    where
        upper(a1_0.title) like upper(?) escape '\'
]]></system-out>
  </testcase>
  <testcase name="shouldMaintainArtistRelationship" classname="br.gov.mt.seplag.repository.AlbumRepositoryTest" time="0.007">
    <system-out><![CDATA[Hibernate: 
    select
        a1_0.id,
        a1_0.created_at,
        a1_0.release_year,
        a1_0.title,
        a1_0.updated_at 
    from
        albums a1_0
Hibernate: 
    select
        a1_0.id,
        a1_0.created_at,
        a1_0.is_band,
        a1_0.name,
        a1_0.updated_at 
    from
        artists a1_0
Hibernate: 
    insert 
    into
        artists
        (created_at, is_band, name, updated_at, id) 
    values
        (?, ?, ?, ?, default)
Hibernate: 
    insert 
    into
        artists
        (created_at, is_band, name, updated_at, id) 
    values
        (?, ?, ?, ?, default)
Hibernate: 
    insert 
    into
        albums
        (created_at, release_year, title, updated_at, id) 
    values
        (?, ?, ?, ?, default)
Hibernate: 
    insert 
    into
        albums
        (created_at, release_year, title, updated_at, id) 
    values
        (?, ?, ?, ?, default)
]]></system-out>
  </testcase>
  <testcase name="shouldListAllAlbums" classname="br.gov.mt.seplag.repository.AlbumRepositoryTest" time="0.007">
    <system-out><![CDATA[Hibernate: 
    select
        a1_0.id,
        a1_0.created_at,
        a1_0.release_year,
        a1_0.title,
        a1_0.updated_at 
    from
        albums a1_0
Hibernate: 
    select
        a1_0.id,
        a1_0.created_at,
        a1_0.is_band,
        a1_0.name,
        a1_0.updated_at 
    from
        artists a1_0
Hibernate: 
    insert 
    into
        artists
        (created_at, is_band, name, updated_at, id) 
    values
        (?, ?, ?, ?, default)
Hibernate: 
    insert 
    into
        artists
        (created_at, is_band, name, updated_at, id) 
    values
        (?, ?, ?, ?, default)
Hibernate: 
    insert 
    into
        albums
        (created_at, release_year, title, updated_at, id) 
    values
        (?, ?, ?, ?, default)
Hibernate: 
    insert 
    into
        albums
        (created_at, release_year, title, updated_at, id) 
    values
        (?, ?, ?, ?, default)
Hibernate: 
    select
        a1_0.id,
        a1_0.created_at,
        a1_0.release_year,
        a1_0.title,
        a1_0.updated_at 
    from
        albums a1_0
]]></system-out>
  </testcase>
  <testcase name="shouldReturnEmptyListForNonExistentYear" classname="br.gov.mt.seplag.repository.AlbumRepositoryTest" time="0.007">
    <system-out><![CDATA[Hibernate: 
    select
        a1_0.id,
        a1_0.created_at,
        a1_0.release_year,
        a1_0.title,
        a1_0.updated_at 
    from
        albums a1_0
Hibernate: 
    select
        a1_0.id,
        a1_0.created_at,
        a1_0.is_band,
        a1_0.name,
        a1_0.updated_at 
    from
        artists a1_0
Hibernate: 
    insert 
    into
        artists
        (created_at, is_band, name, updated_at, id) 
    values
        (?, ?, ?, ?, default)
Hibernate: 
    insert 
    into
        artists
        (created_at, is_band, name, updated_at, id) 
    values
        (?, ?, ?, ?, default)
Hibernate: 
    insert 
    into
        albums
        (created_at, release_year, title, updated_at, id) 
    values
        (?, ?, ?, ?, default)
Hibernate: 
    insert 
    into
        albums
        (created_at, release_year, title, updated_at, id) 
    values
        (?, ?, ?, ?, default)
Hibernate: 
    select
        a1_0.id,
        a1_0.created_at,
        a1_0.release_year,
        a1_0.title,
        a1_0.updated_at 
    from
        albums a1_0 
    where
        a1_0.release_year=?
]]></system-out>
  </testcase>
</testsuite>